2023-11-09T21:32:26.073Z [warn] WARNING: {{vcs-icon}} was not converted as it has positional parameters which can't be automatically converted. Source: app/templates/owner.hbs
2023-11-09T21:32:26.125Z [warn] WARNING: {{travis-mb}} was not converted as it has positional parameters which can't be automatically converted. Source: app/templates/components/caches-item.hbs
2023-11-09T21:32:26.096Z [warn] WARNING: {{vcs-vocab}} was not converted as it has positional parameters which can't be automatically converted. Source: app/templates/pull-requests.hbs
2023-11-09T21:32:26.139Z [warn] WARNING: {{vcs-vocab}} was not converted as it has positional parameters which can't be automatically converted. Source: app/templates/settings.hbs
2023-11-09T21:32:26.139Z [warn] WARNING: {{vcs-vocab}} was not converted as it has positional parameters which can't be automatically converted. Source: app/templates/settings.hbs
2023-11-09T21:32:26.139Z [warn] WARNING: {{vcs-vocab}} was not converted as it has positional parameters which can't be automatically converted. Source: app/templates/settings.hbs
2023-11-09T21:32:26.139Z [warn] WARNING: {{vcs-vocab}} was not converted as it has positional parameters which can't be automatically converted. Source: app/templates/settings.hbs
2023-11-09T21:32:26.139Z [warn] WARNING: {{vcs-vocab}} was not converted as it has positional parameters which can't be automatically converted. Source: app/templates/settings.hbs
2023-11-09T21:32:26.139Z [warn] WARNING: {{vcs-vocab}} was not converted as it has positional parameters which can't be automatically converted. Source: app/templates/settings.hbs
2023-11-09T21:32:26.139Z [warn] WARNING: {{vcs-vocab}} was not converted as it has positional parameters which can't be automatically converted. Source: app/templates/settings.hbs
2023-11-09T21:32:26.139Z [warn] WARNING: {{vcs-vocab}} was not converted as it has positional parameters which can't be automatically converted. Source: app/templates/settings.hbs
2023-11-09T21:32:26.139Z [warn] WARNING: {{vcs-vocab}} was not converted as it has positional parameters which can't be automatically converted. Source: app/templates/settings.hbs
2023-11-09T21:32:26.139Z [warn] WARNING: {{vcs-vocab}} was not converted as it has positional parameters which can't be automatically converted. Source: app/templates/settings.hbs
2023-11-09T21:32:26.139Z [warn] WARNING: {{vcs-vocab}} was not converted as it has positional parameters which can't be automatically converted. Source: app/templates/settings.hbs
2023-11-09T21:32:26.139Z [warn] WARNING: {{vcs-vocab}} was not converted as it has positional parameters which can't be automatically converted. Source: app/templates/settings.hbs
2023-11-09T21:32:26.140Z [warn] WARNING: {{vcs-vocab}} was not converted as it has positional parameters which can't be automatically converted. Source: app/templates/settings.hbs
2023-11-09T21:32:26.140Z [warn] WARNING: {{vcs-vocab}} was not converted as it has positional parameters which can't be automatically converted. Source: app/templates/settings.hbs
2023-11-09T21:32:26.140Z [warn] WARNING: {{vcs-vocab}} was not converted as it has positional parameters which can't be automatically converted. Source: app/templates/settings.hbs
2023-11-09T21:32:26.140Z [warn] WARNING: {{config-get}} was not converted as it has positional parameters which can't be automatically converted. Source: app/templates/settings.hbs
2023-11-09T21:32:26.140Z [warn] WARNING: {{config-get}} was not converted as it has positional parameters which can't be automatically converted. Source: app/templates/settings.hbs
2023-11-09T21:32:26.140Z [warn] WARNING: {{config-get}} was not converted as it has positional parameters which can't be automatically converted. Source: app/templates/settings.hbs
2023-11-09T21:32:26.140Z [warn] WARNING: {{fn}} was not converted as it has positional parameters which can't be automatically converted. Source: app/templates/settings.hbs
2023-11-09T21:32:26.233Z [warn] WARNING: {{format-sha}} was not converted as it has positional parameters which can't be automatically converted. Source: app/templates/components/owner-repo-tile.hbs
2023-11-09T21:32:26.206Z [warn] WARNING: {{vcs-color}} was not converted as it has positional parameters which can't be automatically converted. Source: app/templates/components/getting-started-step.hbs
2023-11-09T21:32:26.206Z [warn] WARNING: {{vcs-color}} was not converted as it has positional parameters which can't be automatically converted. Source: app/templates/components/getting-started-step.hbs
2023-11-09T21:32:26.206Z [warn] WARNING: {{vcs-color}} was not converted as it has positional parameters which can't be automatically converted. Source: app/templates/components/getting-started-step.hbs
2023-11-09T21:32:26.210Z [warn] WARNING: {{vcs-name}} was not converted as it has positional parameters which can't be automatically converted. Source: app/templates/components/getting-started-steps-generic.hbs
2023-11-09T21:32:26.210Z [warn] WARNING: {{vcs-color}} was not converted as it has positional parameters which can't be automatically converted. Source: app/templates/components/getting-started-steps-generic.hbs
2023-11-09T21:32:26.210Z [warn] WARNING: {{config-get}} was not converted as it has positional parameters which can't be automatically converted. Source: app/templates/components/getting-started-steps-generic.hbs
2023-11-09T21:32:26.211Z [warn] WARNING: {{config-get}} was not converted as it has positional parameters which can't be automatically converted. Source: app/templates/components/getting-started-steps-generic.hbs
2023-11-09T21:32:26.211Z [warn] WARNING: {{vcs-name}} was not converted as it has positional parameters which can't be automatically converted. Source: app/templates/components/getting-started-steps-generic.hbs
2023-11-09T21:32:26.211Z [warn] WARNING: {{vcs-name}} was not converted as it has positional parameters which can't be automatically converted. Source: app/templates/components/getting-started-steps-generic.hbs
2023-11-09T21:32:26.211Z [warn] WARNING: {{config-get}} was not converted as it has positional parameters which can't be automatically converted. Source: app/templates/components/getting-started-steps-generic.hbs
2023-11-09T21:32:26.222Z [warn] WARNING: {{vcs-name}} was not converted as it has positional parameters which can't be automatically converted. Source: app/templates/components/github-apps-repository.hbs
2023-11-09T21:32:26.222Z [warn] WARNING: {{vcs-vocab}} was not converted as it has positional parameters which can't be automatically converted. Source: app/templates/components/github-apps-repository.hbs
2023-11-09T21:32:26.222Z [warn] WARNING: {{vcs-name}} was not converted as it has positional parameters which can't be automatically converted. Source: app/templates/components/github-apps-repository.hbs
2023-11-09T21:32:26.222Z [warn] WARNING: {{vcs-vocab}} was not converted as it has positional parameters which can't be automatically converted. Source: app/templates/components/github-apps-repository.hbs
2023-11-09T21:32:26.247Z [warn] WARNING: {{config-get}} was not converted as it has positional parameters which can't be automatically converted. Source: app/templates/components/insights-overlay.hbs
2023-11-09T21:32:26.282Z [warn] WARNING: {{humanize-state}} was not converted as it has positional parameters which can't be automatically converted. Source: app/templates/components/dashboard-row.hbs
2023-11-09T21:32:26.282Z [warn] WARNING: {{format-sha}} was not converted as it has positional parameters which can't be automatically converted. Source: app/templates/components/dashboard-row.hbs
2023-11-09T21:32:26.300Z [warn] WARNING: {{commit-link}} was not converted as it has positional parameters which can't be automatically converted. Source: app/templates/components/requests-item.hbs
2023-11-09T21:32:26.284Z [warn] WARNING: {{fn}} was not converted as it has positional parameters which can't be automatically converted. Source: app/templates/components/plan_usage.hbs
2023-11-09T21:32:26.299Z [warn] WARNING: {{vcs-icon}} was not converted as it has positional parameters which can't be automatically converted. Source: app/templates/components/profile-menu.hbs
2023-11-09T21:32:26.299Z [warn] WARNING: {{vcs-icon}} was not converted as it has positional parameters which can't be automatically converted. Source: app/templates/components/profile-menu.hbs
2023-11-09T21:32:26.299Z [warn] WARNING: {{vcs-name}} was not converted as it has positional parameters which can't be automatically converted. Source: app/templates/components/profile-menu.hbs
2023-11-09T21:32:26.299Z [warn] WARNING: {{or}} was not converted as it has positional parameters which can't be automatically converted. Source: app/templates/components/profile-menu.hbs
2023-11-09T21:32:26.299Z [warn] WARNING: {{or}} was not converted as it has positional parameters which can't be automatically converted. Source: app/templates/components/profile-menu.hbs
2023-11-09T21:32:26.299Z [warn] WARNING: {{vcs-icon}} was not converted as it has positional parameters which can't be automatically converted. Source: app/templates/components/profile-menu.hbs
2023-11-09T21:32:26.332Z [warn] WARNING: {{vcs-vocab}} was not converted as it has positional parameters which can't be automatically converted. Source: app/templates/components/profile-nav.hbs
2023-11-09T21:32:26.332Z [warn] WARNING: {{vcs-vocab}} was not converted as it has positional parameters which can't be automatically converted. Source: app/templates/components/profile-nav.hbs
2023-11-09T21:32:26.333Z [warn] WARNING: {{vcs-vocab}} was not converted as it has positional parameters which can't be automatically converted. Source: app/templates/components/profile-nav.hbs
2023-11-09T21:32:26.333Z [warn] WARNING: {{indefinite-article}} was not converted as it has positional parameters which can't be automatically converted. Source: app/templates/components/profile-nav.hbs
2023-11-09T21:32:26.333Z [warn] WARNING: {{vcs-vocab}} was not converted as it has positional parameters which can't be automatically converted. Source: app/templates/components/profile-nav.hbs
2023-11-09T21:32:26.333Z [warn] WARNING: {{vcs-vocab}} was not converted as it has positional parameters which can't be automatically converted. Source: app/templates/components/profile-nav.hbs
2023-11-09T21:32:26.333Z [warn] WARNING: {{vcs-name}} was not converted as it has positional parameters which can't be automatically converted. Source: app/templates/components/profile-nav.hbs
2023-11-09T21:32:26.333Z [warn] WARNING: {{vcs-vocab}} was not converted as it has positional parameters which can't be automatically converted. Source: app/templates/components/profile-nav.hbs
2023-11-09T21:32:26.333Z [warn] WARNING: {{fn}} was not converted as it has positional parameters which can't be automatically converted. Source: app/templates/components/profile-nav.hbs
2023-11-09T21:32:26.350Z [warn] WARNING: {{config-get}} was not converted as it has positional parameters which can't be automatically converted. Source: app/templates/components/repo-actions.hbs
2023-11-09T21:32:26.350Z [warn] WARNING: {{config-get}} was not converted as it has positional parameters which can't be automatically converted. Source: app/templates/components/repo-actions.hbs
2023-11-09T21:32:26.366Z [warn] WARNING: {{format-duration}} was not converted as it has positional parameters which can't be automatically converted. Source: app/templates/components/repos-list-item.hbs
2023-11-09T21:32:26.367Z [warn] WARNING: {{pretty-date}} was not converted as it has positional parameters which can't be automatically converted. Source: app/templates/components/repos-list-item.hbs
2023-11-09T21:32:26.379Z [warn] WARNING: {{vcs-vocab}} was not converted as it has positional parameters which can't be automatically converted. Source: app/templates/components/repo-show-tabs.hbs
2023-11-09T21:32:26.379Z [warn] WARNING: {{pretty-date}} was not converted as it has positional parameters which can't be automatically converted. Source: app/templates/components/repo-show-tabs.hbs
2023-11-09T21:32:26.374Z [warn] WARNING: {{and}} was not converted as it has positional parameters which can't be automatically converted. Source: app/templates/components/visibility-setting-list.hbs
2023-11-09T21:32:26.316Z [warn] WARNING: {{pretty-date}} was not converted as it has positional parameters which can't be automatically converted. Source: app/templates/components/requests-item.hbs
2023-11-09T21:32:26.332Z [warn] WARNING: {{vcs-name}} was not converted as it has positional parameters which can't be automatically converted. Source: app/templates/components/repository-status-toggle.hbs
2023-11-09T21:32:26.332Z [warn] WARNING: {{vcs-vocab}} was not converted as it has positional parameters which can't be automatically converted. Source: app/templates/components/repository-status-toggle.hbs
2023-11-09T21:32:26.332Z [warn] WARNING: {{vcs-name}} was not converted as it has positional parameters which can't be automatically converted. Source: app/templates/components/repository-status-toggle.hbs
2023-11-09T21:32:26.333Z [warn] WARNING: {{vcs-vocab}} was not converted as it has positional parameters which can't be automatically converted. Source: app/templates/components/repository-status-toggle.hbs
2023-11-09T21:32:26.338Z [warn] WARNING: {{pretty-date}} was not converted as it has positional parameters which can't be automatically converted. Source: app/templates/components/running-jobs.hbs
2023-11-09T21:32:26.338Z [warn] WARNING: {{format-duration}} was not converted as it has positional parameters which can't be automatically converted. Source: app/templates/components/running-jobs.hbs
2023-11-09T21:32:26.353Z [warn] WARNING: {{pretty-date}} was not converted as it has positional parameters which can't be automatically converted. Source: app/templates/components/scan-result-item.hbs
2023-11-09T21:32:26.372Z [warn] WARNING: {{pretty-date}} was not converted as it has positional parameters which can't be automatically converted. Source: app/templates/components/scan-result-details.hbs
2023-11-09T21:32:26.373Z [warn] WARNING: {{format-sha}} was not converted as it has positional parameters which can't be automatically converted. Source: app/templates/components/scan-result-details.hbs
2023-11-09T21:32:26.373Z [warn] WARNING: {{short-compare-shas}} was not converted as it has positional parameters which can't be automatically converted. Source: app/templates/components/scan-result-details.hbs
2023-11-09T21:32:26.373Z [warn] WARNING: {{pretty-date}} was not converted as it has positional parameters which can't be automatically converted. Source: app/templates/components/scan-result-details.hbs
2023-11-09T21:32:26.373Z [warn] WARNING: {{pretty-date}} was not converted as it has positional parameters which can't be automatically converted. Source: app/templates/components/scan-result-details.hbs
2023-11-09T21:32:26.373Z [warn] WARNING: {{pretty-date}} was not converted as it has positional parameters which can't be automatically converted. Source: app/templates/components/scan-result-details.hbs
2023-11-09T21:32:26.383Z [warn] WARNING: {{vcs-vocab}} was not converted as it has positional parameters which can't be automatically converted. Source: app/templates/components/repository-security-banner.hbs
2023-11-09T21:32:26.392Z [warn] WARNING: {{vcs-icon}} was not converted as it has positional parameters which can't be automatically converted. Source: app/templates/components/repository-layout.hbs
2023-11-09T21:32:26.390Z [warn] WARNING: {{vcs-vocab}} was not converted as it has positional parameters which can't be automatically converted. Source: app/templates/caches.hbs
2023-11-09T21:32:26.439Z [warn] WARNING: {{fn}} was not converted as it has positional parameters which can't be automatically converted. Source: app/templates/repo/active-on-org.hbs
2023-11-09T21:32:26.411Z [warn] WARNING: {{vcs-name}} was not converted as it has positional parameters which can't be automatically converted. Source: app/templates/first-sync.hbs
2023-11-09T21:32:26.411Z [warn] WARNING: {{vcs-vocab}} was not converted as it has positional parameters which can't be automatically converted. Source: app/templates/first-sync.hbs
2023-11-09T21:32:26.411Z [warn] WARNING: {{vcs-vocab}} was not converted as it has positional parameters which can't be automatically converted. Source: app/templates/first-sync.hbs
2023-11-09T21:32:26.411Z [warn] WARNING: {{vcs-name}} was not converted as it has positional parameters which can't be automatically converted. Source: app/templates/first-sync.hbs
2023-11-09T21:32:26.445Z [warn] WARNING: {{config-get}} was not converted as it has positional parameters which can't be automatically converted. Source: app/templates/getting-started.hbs
2023-11-09T21:32:26.445Z [warn] WARNING: {{config-get}} was not converted as it has positional parameters which can't be automatically converted. Source: app/templates/getting-started.hbs
2023-11-09T21:32:26.445Z [warn] WARNING: {{config-get}} was not converted as it has positional parameters which can't be automatically converted. Source: app/templates/getting-started.hbs
2023-11-09T21:32:26.528Z [warn] WARNING: {{format-currency}} was not converted as it has positional parameters which can't be automatically converted. Source: app/templates/plans/index.hbs
2023-11-09T21:32:26.528Z [warn] WARNING: {{format-currency}} was not converted as it has positional parameters which can't be automatically converted. Source: app/templates/plans/index.hbs
2023-11-09T21:32:26.529Z [warn] WARNING: {{format-domain}} was not converted as it has positional parameters which can't be automatically converted. Source: app/templates/plans/index.hbs
2023-11-09T21:32:26.529Z [warn] WARNING: {{fn}} was not converted as it has positional parameters which can't be automatically converted. Source: app/templates/plans/index.hbs
2023-11-09T21:32:26.529Z [warn] WARNING: {{format-domain}} was not converted as it has positional parameters which can't be automatically converted. Source: app/templates/plans/index.hbs
2023-11-09T21:32:26.529Z [warn] WARNING: {{fn}} was not converted as it has positional parameters which can't be automatically converted. Source: app/templates/plans/index.hbs
2023-11-09T21:32:26.529Z [warn] WARNING: {{format-domain}} was not converted as it has positional parameters which can't be automatically converted. Source: app/templates/plans/index.hbs
2023-11-09T21:32:26.542Z [warn] WARNING: {{form-validator}} was not converted as it has positional parameters which can't be automatically converted. Source: app/templates/components/zendesk-request-form.hbs
2023-11-09T21:32:26.542Z [warn] WARNING: {{form-validator}} was not converted as it has positional parameters which can't be automatically converted. Source: app/templates/components/zendesk-request-form.hbs
2023-11-09T21:32:26.543Z [warn] WARNING: {{not}} was not converted as it has positional parameters which can't be automatically converted. Source: app/templates/components/zendesk-request-form.hbs
2023-11-09T21:32:26.721Z [warn] WARNING: {{obfuscated-chars}} was not converted as it has positional parameters which can't be automatically converted. Source: app/templates/components/account-token.hbs
2023-11-09T21:32:26.800Z [warn] WARNING: {{vcs-vocab}} was not converted as it has positional parameters which can't be automatically converted. Source: app/templates/components/build-header.hbs
2023-11-09T21:32:26.800Z [warn] WARNING: {{format-sha}} was not converted as it has positional parameters which can't be automatically converted. Source: app/templates/components/build-header.hbs
2023-11-09T21:32:26.801Z [warn] WARNING: {{vcs-vocab}} was not converted as it has positional parameters which can't be automatically converted. Source: app/templates/components/build-header.hbs
2023-11-09T21:32:26.801Z [warn] WARNING: {{vcs-name}} was not converted as it has positional parameters which can't be automatically converted. Source: app/templates/components/build-header.hbs
2023-11-09T21:32:26.801Z [warn] WARNING: {{short-compare-shas}} was not converted as it has positional parameters which can't be automatically converted. Source: app/templates/components/build-header.hbs
2023-11-09T21:32:26.801Z [warn] WARNING: {{humanize-state}} was not converted as it has positional parameters which can't be automatically converted. Source: app/templates/components/build-header.hbs
2023-11-09T21:32:26.801Z [warn] WARNING: {{humanize-state}} was not converted as it has positional parameters which can't be automatically converted. Source: app/templates/components/build-header.hbs
2023-11-09T21:32:26.801Z [warn] WARNING: {{format-duration}} was not converted as it has positional parameters which can't be automatically converted. Source: app/templates/components/build-header.hbs
2023-11-09T21:32:26.801Z [warn] WARNING: {{format-duration}} was not converted as it has positional parameters which can't be automatically converted. Source: app/templates/components/build-header.hbs
2023-11-09T21:32:26.801Z [warn] WARNING: {{format-duration}} was not converted as it has positional parameters which can't be automatically converted. Source: app/templates/components/build-header.hbs
2023-11-09T21:32:26.801Z [warn] WARNING: {{pretty-date}} was not converted as it has positional parameters which can't be automatically converted. Source: app/templates/components/build-header.hbs
2023-11-09T21:32:26.801Z [warn] WARNING: {{pretty-date}} was not converted as it has positional parameters which can't be automatically converted. Source: app/templates/components/build-header.hbs
2023-11-09T21:32:26.810Z [warn] WARNING: {{pluralize}} was not converted as it has positional parameters which can't be automatically converted. Source: app/templates/components/branch-row.hbs
2023-11-09T21:32:26.810Z [warn] WARNING: {{humanize-state}} was not converted as it has positional parameters which can't be automatically converted. Source: app/templates/components/branch-row.hbs
2023-11-09T21:32:26.810Z [warn] WARNING: {{pretty-date}} was not converted as it has positional parameters which can't be automatically converted. Source: app/templates/components/branch-row.hbs
2023-11-09T21:32:26.811Z [warn] WARNING: {{format-sha}} was not converted as it has positional parameters which can't be automatically converted. Source: app/templates/components/branch-row.hbs
2023-11-09T21:32:26.836Z [warn] WARNING: {{config-get}} was not converted as it has positional parameters which can't be automatically converted. Source: app/templates/components/build-messages-list.hbs
2023-11-09T21:32:26.846Z [warn] WARNING: {{config-get}} was not converted as it has positional parameters which can't be automatically converted. Source: app/templates/components/build-message-line.hbs
2023-11-09T21:32:26.863Z [warn] WARNING: {{humanize-state}} was not converted as it has positional parameters which can't be automatically converted. Source: app/templates/components/builds-item.hbs
2023-11-09T21:32:26.863Z [warn] WARNING: {{format-sha}} was not converted as it has positional parameters which can't be automatically converted. Source: app/templates/components/builds-item.hbs
2023-11-09T21:32:26.863Z [warn] WARNING: {{format-duration}} was not converted as it has positional parameters which can't be automatically converted. Source: app/templates/components/builds-item.hbs
2023-11-09T21:32:31.012Z [warn] WARNING: {{format-currency}} was not converted as it has positional parameters which can't be automatically converted. Source: app/templates/components/billing/authorization.hbs
2023-11-09T21:32:31.115Z [warn] WARNING: {{pretty-date}} was not converted as it has positional parameters which can't be automatically converted. Source: app/templates/components/jobs-list.hbs
2023-11-09T21:32:31.117Z [warn] WARNING: {{format-duration}} was not converted as it has positional parameters which can't be automatically converted. Source: app/templates/components/jobs-list.hbs
2023-11-09T21:32:31.126Z [warn] WARNING: {{pretty-date}} was not converted as it has positional parameters which can't be automatically converted. Source: app/templates/components/jobs-item.hbs
2023-11-09T21:32:31.126Z [warn] WARNING: {{format-duration}} was not converted as it has positional parameters which can't be automatically converted. Source: app/templates/components/jobs-item.hbs
2023-11-09T21:32:31.209Z [warn] WARNING: {{or}} was not converted as it has positional parameters which can't be automatically converted. Source: app/templates/components/missing-notice.hbs
2023-11-09T21:32:31.214Z [warn] WARNING: {{vcs-vocab}} was not converted as it has positional parameters which can't be automatically converted. Source: app/templates/components/no-account.hbs
2023-11-09T21:32:31.214Z [warn] WARNING: {{vcs-vocab}} was not converted as it has positional parameters which can't be automatically converted. Source: app/templates/components/no-account.hbs
2023-11-09T21:32:31.223Z [warn] WARNING: {{vcs-icon}} was not converted as it has positional parameters which can't be automatically converted. Source: app/templates/components/not-active.hbs
2023-11-09T21:32:31.234Z [warn] WARNING: {{vcs-icon}} was not converted as it has positional parameters which can't be automatically converted. Source: app/templates/components/multi-signin-button.hbs
2023-11-09T21:32:31.234Z [warn] WARNING: {{vcs-icon}} was not converted as it has positional parameters which can't be automatically converted. Source: app/templates/components/multi-signin-button.hbs
2023-11-09T21:32:31.234Z [warn] WARNING: {{vcs-icon}} was not converted as it has positional parameters which can't be automatically converted. Source: app/templates/components/multi-signin-button.hbs
2023-11-09T21:32:31.234Z [warn] WARNING: {{vcs-icon}} was not converted as it has positional parameters which can't be automatically converted. Source: app/templates/components/multi-signin-button.hbs
2023-11-09T21:32:31.234Z [warn] WARNING: {{vcs-icon}} was not converted as it has positional parameters which can't be automatically converted. Source: app/templates/components/multi-signin-button.hbs
2023-11-09T21:32:31.249Z [warn] WARNING: {{humanize-state}} was not converted as it has positional parameters which can't be automatically converted. Source: app/templates/components/my-build.hbs
2023-11-09T21:32:31.250Z [warn] WARNING: {{format-sha}} was not converted as it has positional parameters which can't be automatically converted. Source: app/templates/components/my-build.hbs
2023-11-09T21:32:31.250Z [warn] WARNING: {{format-duration}} was not converted as it has positional parameters which can't be automatically converted. Source: app/templates/components/my-build.hbs
2023-11-09T21:32:31.015Z [warn] WARNING: {{fn}} was not converted as it has positional parameters which can't be automatically converted. Source: app/templates/components/billing/authorization.hbs
2023-11-09T21:32:31.015Z [warn] WARNING: {{fn}} was not converted as it has positional parameters which can't be automatically converted. Source: app/templates/components/billing/authorization.hbs
2023-11-09T21:32:31.030Z [warn] WARNING: {{form-validator}} was not converted as it has positional parameters which can't be automatically converted. Source: app/templates/components/billing/contact-details.hbs
2023-11-09T21:32:31.070Z [warn] WARNING: {{config-get}} was not converted as it has positional parameters which can't be automatically converted. Source: app/templates/components/billing/auto-refill.hbs
2023-11-09T21:32:31.070Z [warn] WARNING: {{format-currency}} was not converted as it has positional parameters which can't be automatically converted. Source: app/templates/components/billing/auto-refill.hbs
2023-11-09T21:32:31.092Z [warn] WARNING: {{format-currency}} was not converted as it has positional parameters which can't be automatically converted. Source: app/templates/components/billing/credits-calculator.hbs
2023-11-09T21:32:31.092Z [warn] WARNING: {{format-currency}} was not converted as it has positional parameters which can't be automatically converted. Source: app/templates/components/billing/credits-calculator.hbs
2023-11-09T21:32:31.139Z [warn] WARNING: {{form-validator}} was not converted as it has positional parameters which can't be automatically converted. Source: app/templates/components/billing/first-plan.hbs
2023-11-09T21:32:31.139Z [warn] WARNING: {{not}} was not converted as it has positional parameters which can't be automatically converted. Source: app/templates/components/billing/first-plan.hbs
2023-11-09T21:32:31.139Z [warn] WARNING: {{format-currency}} was not converted as it has positional parameters which can't be automatically converted. Source: app/templates/components/billing/first-plan.hbs
2023-11-09T21:32:31.139Z [warn] WARNING: {{pluralize}} was not converted as it has positional parameters which can't be automatically converted. Source: app/templates/components/billing/first-plan.hbs
2023-11-09T21:32:31.139Z [warn] WARNING: {{format-currency}} was not converted as it has positional parameters which can't be automatically converted. Source: app/templates/components/billing/first-plan.hbs
2023-11-09T21:32:31.151Z [warn] WARNING: {{format-currency}} was not converted as it has positional parameters which can't be automatically converted. Source: app/templates/components/billing/invoices.hbs
2023-11-09T21:32:31.159Z [warn] WARNING: {{form-validator}} was not converted as it has positional parameters which can't be automatically converted. Source: app/templates/components/billing/information.hbs
2023-11-09T21:32:31.189Z [warn] WARNING: {{not}} was not converted as it has positional parameters which can't be automatically converted. Source: app/templates/components/billing/payment-details-tab.hbs
2023-11-09T21:32:31.217Z [warn] WARNING: {{config-get}} was not converted as it has positional parameters which can't be automatically converted. Source: app/templates/components/billing/payment.hbs
2023-11-09T21:32:31.218Z [warn] WARNING: {{config-get}} was not converted as it has positional parameters which can't be automatically converted. Source: app/templates/components/billing/payment.hbs
2023-11-09T21:32:31.230Z [warn] WARNING: {{not}} was not converted as it has positional parameters which can't be automatically converted. Source: app/templates/components/billing/postal-address.hbs
2023-11-09T21:32:31.232Z [warn] WARNING: {{format-currency}} was not converted as it has positional parameters which can't be automatically converted. Source: app/templates/components/billing/price-v2.hbs
2023-11-09T21:32:31.254Z [warn] WARNING: {{format-currency}} was not converted as it has positional parameters which can't be automatically converted. Source: app/templates/components/billing/select-plan.hbs
2023-11-09T21:32:31.254Z [warn] WARNING: {{pluralize}} was not converted as it has positional parameters which can't be automatically converted. Source: app/templates/components/billing/select-plan.hbs
2023-11-09T21:32:31.254Z [warn] WARNING: {{config-get}} was not converted as it has positional parameters which can't be automatically converted. Source: app/templates/components/billing/select-plan.hbs
2023-11-09T21:32:31.260Z [warn] WARNING: {{format-currency}} was not converted as it has positional parameters which can't be automatically converted. Source: app/templates/components/billing/select-addon.hbs
2023-11-09T21:32:31.260Z [warn] WARNING: {{format-currency}} was not converted as it has positional parameters which can't be automatically converted. Source: app/templates/components/billing/select-addon.hbs
2023-11-09T21:32:31.263Z [warn] WARNING: {{format-currency}} was not converted as it has positional parameters which can't be automatically converted. Source: app/templates/components/billing/price.hbs
2023-11-09T21:32:31.274Z [warn] WARNING: {{config-get}} was not converted as it has positional parameters which can't be automatically converted. Source: app/templates/components/billing/summary-v2.hbs
2023-11-09T21:32:31.276Z [warn] WARNING: {{config-get}} was not converted as it has positional parameters which can't be automatically converted. Source: app/templates/components/billing/summary-v2.hbs
2023-11-09T21:32:31.277Z [warn] WARNING: {{format-currency}} was not converted as it has positional parameters which can't be automatically converted. Source: app/templates/components/billing/summary-v2.hbs
2023-11-09T21:32:31.277Z [warn] WARNING: {{format-currency}} was not converted as it has positional parameters which can't be automatically converted. Source: app/templates/components/billing/summary-v2.hbs
2023-11-09T21:32:31.277Z [warn] WARNING: {{fn}} was not converted as it has positional parameters which can't be automatically converted. Source: app/templates/components/billing/summary-v2.hbs
2023-11-09T21:32:31.277Z [warn] WARNING: {{fn}} was not converted as it has positional parameters which can't be automatically converted. Source: app/templates/components/billing/summary-v2.hbs
2023-11-09T21:32:31.283Z [warn] WARNING: {{pluralize}} was not converted as it has positional parameters which can't be automatically converted. Source: app/templates/components/billing/selected-plan.hbs
2023-11-09T21:32:31.283Z [warn] WARNING: {{format-currency}} was not converted as it has positional parameters which can't be automatically converted. Source: app/templates/components/billing/selected-plan.hbs
2023-11-09T21:32:31.295Z [warn] WARNING: {{config-get}} was not converted as it has positional parameters which can't be automatically converted. Source: app/templates/components/billing/trial.hbs
2023-11-09T21:32:31.295Z [warn] WARNING: {{pluralize}} was not converted as it has positional parameters which can't be automatically converted. Source: app/templates/components/billing/trial.hbs
2023-11-09T21:32:31.301Z [warn] WARNING: {{config-get}} was not converted as it has positional parameters which can't be automatically converted. Source: app/templates/components/billing/warning-message.hbs
2023-11-09T21:32:31.301Z [warn] WARNING: {{config-get}} was not converted as it has positional parameters which can't be automatically converted. Source: app/templates/components/billing/warning-message.hbs
2023-11-09T21:32:31.302Z [warn] WARNING: {{format-currency}} was not converted as it has positional parameters which can't be automatically converted. Source: app/templates/components/billing/selected-addon.hbs
2023-11-09T21:32:31.307Z [warn] WARNING: {{fn}} was not converted as it has positional parameters which can't be automatically converted. Source: app/templates/components/dialogs/cancel-subscription-modal.hbs
2023-11-09T21:32:31.321Z [warn] WARNING: {{pluralize}} was not converted as it has positional parameters which can't be automatically converted. Source: app/templates/components/billing/summary.hbs
2023-11-09T21:32:31.326Z [warn] WARNING: {{fn}} was not converted as it has positional parameters which can't be automatically converted. Source: app/templates/components/dialogs/migrate-beta.hbs
2023-11-09T21:32:31.327Z [warn] WARNING: {{fn}} was not converted as it has positional parameters which can't be automatically converted. Source: app/templates/components/dialogs/plan-switch-warning.hbs
2023-11-09T21:32:31.331Z [warn] WARNING: {{not}} was not converted as it has positional parameters which can't be automatically converted. Source: app/templates/components/dialogs/prioritize-build-modal.hbs
2023-11-09T21:32:31.340Z [warn] WARNING: {{fn}} was not converted as it has positional parameters which can't be automatically converted. Source: app/templates/components/dialogs/switch-to-free-modal.hbs
2023-11-09T21:32:31.346Z [warn] WARNING: {{config-get}} was not converted as it has positional parameters which can't be automatically converted. Source: app/templates/components/flashes/read-only-mode.hbs
2023-11-09T21:32:31.347Z [warn] WARNING: {{pretty-date}} was not converted as it has positional parameters which can't be automatically converted. Source: app/templates/components/flashes/scheduled-plan-change.hbs
2023-11-09T21:32:31.358Z [warn] WARNING: {{fn}} was not converted as it has positional parameters which can't be automatically converted. Source: app/templates/components/dialogs/user-statistics-modal.hbs
2023-11-09T21:32:31.371Z [warn] WARNING: {{fn}} was not converted as it has positional parameters which can't be automatically converted. Source: app/templates/components/dialogs/user-management-modal.hbs
2023-11-09T21:32:31.519Z [warn] WARNING: {{vcs-vocab}} was not converted as it has positional parameters which can't be automatically converted. Source: app/templates/components/owner/repositories.hbs
2023-11-09T21:32:31.522Z [warn] WARNING: {{vcs-icon}} was not converted as it has positional parameters which can't be automatically converted. Source: app/templates/components/owner/repositories.hbs
2023-11-09T21:32:31.522Z [warn] WARNING: {{vcs-name}} was not converted as it has positional parameters which can't be automatically converted. Source: app/templates/components/owner/repositories.hbs
2023-11-09T21:32:31.522Z [warn] WARNING: {{vcs-name}} was not converted as it has positional parameters which can't be automatically converted. Source: app/templates/components/owner/repositories.hbs
2023-11-09T21:32:31.522Z [warn] WARNING: {{compute}} was not converted as it has positional parameters which can't be automatically converted. Source: app/templates/components/owner/repositories.hbs
2023-11-09T21:32:31.522Z [warn] WARNING: {{vcs-icon}} was not converted as it has positional parameters which can't be automatically converted. Source: app/templates/components/owner/repositories.hbs
2023-11-09T21:32:31.522Z [warn] WARNING: {{vcs-icon}} was not converted as it has positional parameters which can't be automatically converted. Source: app/templates/components/owner/repositories.hbs
2023-11-09T21:32:31.522Z [warn] WARNING: {{compute}} was not converted as it has positional parameters which can't be automatically converted. Source: app/templates/components/owner/repositories.hbs
2023-11-09T21:32:31.545Z [warn] WARNING: {{vcs-icon}} was not converted as it has positional parameters which can't be automatically converted. Source: app/templates/components/owner/migrate.hbs
2023-11-09T21:32:31.545Z [warn] WARNING: {{not}} was not converted as it has positional parameters which can't be automatically converted. Source: app/templates/components/owner/migrate.hbs
2023-11-09T21:32:31.545Z [warn] WARNING: {{contains}} was not converted as it has positional parameters which can't be automatically converted. Source: app/templates/components/owner/migrate.hbs
2023-11-09T21:32:31.545Z [warn] WARNING: {{compute}} was not converted as it has positional parameters which can't be automatically converted. Source: app/templates/components/owner/migrate.hbs
2023-11-09T21:32:31.545Z [warn] WARNING: {{not}} was not converted as it has positional parameters which can't be automatically converted. Source: app/templates/components/owner/migrate.hbs
2023-11-09T21:32:31.545Z [warn] WARNING: {{fn}} was not converted as it has positional parameters which can't be automatically converted. Source: app/templates/components/owner/migrate.hbs
2023-11-09T21:32:31.556Z [warn] WARNING: {{vcs-color}} was not converted as it has positional parameters which can't be automatically converted. Source: app/templates/components/ui-kit/button-signin.hbs
2023-11-09T21:32:31.556Z [warn] WARNING: {{vcs-color}} was not converted as it has positional parameters which can't be automatically converted. Source: app/templates/components/ui-kit/button-signin.hbs
2023-11-09T21:32:31.556Z [warn] WARNING: {{vcs-icon}} was not converted as it has positional parameters which can't be automatically converted. Source: app/templates/components/ui-kit/button-signin.hbs
2023-11-09T21:32:31.556Z [warn] WARNING: {{or}} was not converted as it has positional parameters which can't be automatically converted. Source: app/templates/components/ui-kit/button-signin.hbs
2023-11-09T21:32:31.556Z [warn] WARNING: {{vcs-name}} was not converted as it has positional parameters which can't be automatically converted. Source: app/templates/components/ui-kit/button-signin.hbs
2023-11-09T21:32:31.556Z [warn] WARNING: {{vcs-color}} was not converted as it has positional parameters which can't be automatically converted. Source: app/templates/components/ui-kit/button-signin.hbs
